<?xml version="1.0" encoding="UTF-8"?>
<!-- Generated by org.testng.reporters.JUnitReportReporter -->
<testsuite hostname="DESKTOP-NPBENJ3" failures="0" tests="3" name="testcases.suiteb.Annotations" time="0.002" errors="0" timestamp="2021-09-01T18:04:13 EDT" skipped="0">
  <testcase classname="testcases.suiteb.Annotations" name="test1" time="0.001"/>
  <system-out/>
  <testcase classname="testcases.suiteb.Annotations" name="test3" time="0.001"/>
  <system-out/>
  <testcase classname="testcases.suiteb.Annotations" name="test2" time="0.000"/>
  <system-out/>
</testsuite> <!-- testcases.suiteb.Annotations -->
