<?xml version="1.0" encoding="UTF-8"?>
<!-- Generated by org.testng.reporters.JUnitReportReporter -->
<testsuite hostname="DESKTOP-NPBENJ3" failures="0" tests="3" name="testcases.suiteb.LoginTest_DataProvider" time="0.003" errors="0" timestamp="2021-09-01T18:04:13 EDT" skipped="0">
  <testcase classname="testcases.suiteb.LoginTest_DataProvider" name="doLogin" time="0.000"/>
  <system-out/>
  <testcase classname="testcases.suiteb.LoginTest_DataProvider" name="doLogin" time="0.001"/>
  <system-out/>
  <testcase classname="testcases.suiteb.LoginTest_DataProvider" name="doLogin" time="0.002"/>
  <system-out/>
</testsuite> <!-- testcases.suiteb.LoginTest_DataProvider -->
