<?xml version="1.0" encoding="UTF-8"?>
<!-- Generated by org.testng.reporters.JUnitReportReporter -->
<testsuite hostname="DESKTOP-NPBENJ3" failures="0" tests="3" name="testcases.Annotations" time="0.003" errors="0" timestamp="2021-09-01T17:38:12 EDT" skipped="0">
  <testcase classname="testcases.Annotations" name="test1" time="0.001"/>
  <system-out/>
  <testcase classname="testcases.Annotations" name="test3" time="0.001"/>
  <system-out/>
  <testcase classname="testcases.Annotations" name="test2" time="0.001"/>
  <system-out/>
</testsuite> <!-- testcases.Annotations -->
