<?xml version="1.0" encoding="UTF-8"?>
<!-- Generated by org.testng.reporters.JUnitReportReporter -->
<testsuite hostname="DESKTOP-NPBENJ3" failures="0" tests="3" name="testcases.SearchAndBuyPhone" time="0.002" errors="0" timestamp="2021-09-01T17:38:12 EDT" skipped="0">
  <testcase classname="testcases.SearchAndBuyPhone" name="search" time="0.001"/>
  <system-out/>
  <testcase classname="testcases.SearchAndBuyPhone" name="selectPhone" time="0.001"/>
  <system-out/>
  <testcase classname="testcases.SearchAndBuyPhone" name="checkout" time="0.000"/>
  <system-out/>
</testsuite> <!-- testcases.SearchAndBuyPhone -->
